<?xml version="1.0" encoding="UTF-8"?>
<!-- Generated by org.testng.reporters.JUnitReportReporter -->
<testsuite hostname="LAPTOP-6MELK31E" failures="0" tests="1" name="com.ninza.hrm.api.projecttest.createProjectWithConfigAnnotation" time="3.997" errors="0" timestamp="2025-04-14T12:40:32 IST" skipped="0">
  <testcase classname="com.ninza.hrm.api.projecttest.createProjectWithConfigAnnotation" name="addSingleProjectWithCreated" time="3.997"/>
  <system-out/>
</testsuite> <!-- com.ninza.hrm.api.projecttest.createProjectWithConfigAnnotation -->
