<?xml version="1.0" encoding="UTF-8"?>
<!-- Generated by org.testng.reporters.JUnitReportReporter -->
<testsuite hostname="LAPTOP-6MELK31E" failures="0" tests="1" name="com.ninza.hrm.api.projecttest.createProject" time="25.656" errors="0" timestamp="2025-06-17T15:35:33 IST" skipped="0">
  <testcase classname="com.ninza.hrm.api.projecttest.createProject" name="addSingleProject" time="25.656"/>
  <system-out/>
</testsuite> <!-- com.ninza.hrm.api.projecttest.createProject -->
