<?xml version="1.0" encoding="UTF-8"?>
<!-- Generated by org.testng.reporters.JUnitReportReporter -->
<testsuite hostname="LAPTOP-6MELK31E" failures="0" tests="1" name="com.ninza.hrm.api.projecttest.createAppointment" time="5.061" errors="0" timestamp="2025-04-11T16:34:56 IST" skipped="0">
  <testcase classname="com.ninza.hrm.api.projecttest.createAppointment" name="addSingleProjectWithCreated" time="5.061"/>
  <system-out/>
</testsuite> <!-- com.ninza.hrm.api.projecttest.createAppointment -->
